#
# There is insufficient memory for the Java Runtime Environment to continue.
# Native memory allocation (malloc) failed to allocate 32744 bytes for ChunkPool::allocate
# Possible reasons:
#   The system is out of physical RAM or swap space
#   In 32 bit mode, the process size limit was hit
# Possible solutions:
#   Reduce memory load on the system
#   Increase physical memory or swap space
#   Check if swap backing store is full
#   Use 64 bit Java on a 64 bit OS
#   Decrease Java heap size (-Xmx/-Xms)
#   Decrease number of Java threads
#   Decrease Java thread stack sizes (-Xss)
#   Set larger code cache with -XX:ReservedCodeCacheSize=
# This output file may be truncated or incomplete.
#
#  Out of Memory Error (allocation.cpp:273), pid=15516, tid=0x0000000000001ad0
#
# JRE version: Java(TM) SE Runtime Environment (8.0_121-b13) (build 1.8.0_121-b13)
# Java VM: Java HotSpot(TM) 64-Bit Server VM (25.121-b13 mixed mode windows-amd64 compressed oops)
# Failed to write core dump. Minidumps are not enabled by default on client versions of Windows
#

---------------  T H R E A D  ---------------

Current thread (0x00000000176d7000):  JavaThread "http-nio-8080-exec-2" daemon [_thread_in_vm, id=6864, stack(0x0000000019740000,0x0000000019840000)]

Stack: [0x0000000019740000,0x0000000019840000]
[error occurred during error reporting (printing stack bounds), id 0xc0000005]

Native frames: (J=compiled Java code, j=interpreted, Vv=VM code, C=native code)

Java frames: (J=compiled Java code, j=interpreted, Vv=VM code)
j  org.eclipse.jdt.internal.compiler.lookup.ClassScope.buildType(Lorg/eclipse/jdt/internal/compiler/lookup/SourceTypeBinding;Lorg/eclipse/jdt/internal/compiler/lookup/PackageBinding;Lorg/eclipse/jdt/internal/compiler/env/AccessRestriction;)Lorg/eclipse/jdt/internal/compiler/lookup/SourceTypeBinding;+72
j  org.eclipse.jdt.internal.compiler.lookup.CompilationUnitScope.buildTypeBindings(Lorg/eclipse/jdt/internal/compiler/env/AccessRestriction;)V+557
j  org.eclipse.jdt.internal.compiler.lookup.LookupEnvironment.buildTypeBindings(Lorg/eclipse/jdt/internal/compiler/ast/CompilationUnitDeclaration;Lorg/eclipse/jdt/internal/compiler/env/AccessRestriction;)V+12
j  org.eclipse.jdt.internal.compiler.Compiler.internalBeginToCompile([Lorg/eclipse/jdt/internal/compiler/env/ICompilationUnit;I)V+195
j  org.eclipse.jdt.internal.compiler.Compiler.beginToCompile([Lorg/eclipse/jdt/internal/compiler/env/ICompilationUnit;)V+19
j  org.eclipse.jdt.internal.compiler.Compiler.compile([Lorg/eclipse/jdt/internal/compiler/env/ICompilationUnit;Z)V+26
j  org.eclipse.jdt.internal.compiler.Compiler.compile([Lorg/eclipse/jdt/internal/compiler/env/ICompilationUnit;)V+3
j  org.apache.jasper.compiler.JDTCompiler.generateClass([Ljava/lang/String;)V+1101
j  org.apache.jasper.compiler.Compiler.compile(ZZ)V+73
j  org.apache.jasper.compiler.Compiler.compile(Z)V+3
j  org.apache.jasper.compiler.Compiler.compile()V+2
j  org.apache.jasper.JspCompilationContext.compile()V+50
j  org.apache.jasper.servlet.JspServletWrapper.service(Ljavax/servlet/http/HttpServletRequest;Ljavax/servlet/http/HttpServletResponse;Z)V+118
j  org.apache.jasper.servlet.JspServlet.serviceJspFile(Ljavax/servlet/http/HttpServletRequest;Ljavax/servlet/http/HttpServletResponse;Ljava/lang/String;Z)V+112
j  org.apache.jasper.servlet.JspServlet.service(Ljavax/servlet/http/HttpServletRequest;Ljavax/servlet/http/HttpServletResponse;)V+328
j  javax.servlet.http.HttpServlet.service(Ljavax/servlet/ServletRequest;Ljavax/servlet/ServletResponse;)V+30
j  org.apache.catalina.core.ApplicationFilterChain.internalDoFilter(Ljavax/servlet/ServletRequest;Ljavax/servlet/ServletResponse;)V+304
j  org.apache.catalina.core.ApplicationFilterChain.doFilter(Ljavax/servlet/ServletRequest;Ljavax/servlet/ServletResponse;)V+101
j  org.apache.catalina.core.StandardWrapperValve.invoke(Lorg/apache/catalina/connector/Request;Lorg/apache/catalina/connector/Response;)V+688
j  org.apache.catalina.core.StandardContextValve.invoke(Lorg/apache/catalina/connector/Request;Lorg/apache/catalina/connector/Response;)V+166
j  org.apache.catalina.authenticator.AuthenticatorBase.invoke(Lorg/apache/catalina/connector/Request;Lorg/apache/catalina/connector/Response;)V+272
j  org.apache.catalina.core.StandardHostValve.invoke(Lorg/apache/catalina/connector/Request;Lorg/apache/catalina/connector/Response;)V+138
j  org.apache.catalina.valves.ErrorReportValve.invoke(Lorg/apache/catalina/connector/Request;Lorg/apache/catalina/connector/Response;)V+6
j  org.apache.catalina.core.StandardEngineValve.invoke(Lorg/apache/catalina/connector/Request;Lorg/apache/catalina/connector/Response;)V+71
j  org.apache.catalina.connector.CoyoteAdapter.service(Lorg/apache/coyote/Request;Lorg/apache/coyote/Response;)V+199
j  org.apache.coyote.http11.Http11Processor.service(Lorg/apache/tomcat/util/net/SocketWrapperBase;)Lorg/apache/tomcat/util/net/AbstractEndpoint$Handler$SocketState;+806
j  org.apache.coyote.AbstractProcessorLight.process(Lorg/apache/tomcat/util/net/SocketWrapperBase;Lorg/apache/tomcat/util/net/SocketEvent;)Lorg/apache/tomcat/util/net/AbstractEndpoint$Handler$SocketState;+113
j  org.apache.coyote.AbstractProtocol$ConnectionHandler.process(Lorg/apache/tomcat/util/net/SocketWrapperBase;Lorg/apache/tomcat/util/net/SocketEvent;)Lorg/apache/tomcat/util/net/AbstractEndpoint$Handler$SocketState;+378
j  org.apache.tomcat.util.net.NioEndpoint$SocketProcessor.doRun()V+191
j  org.apache.tomcat.util.net.SocketProcessorBase.run()V+21
j  java.util.concurrent.ThreadPoolExecutor.runWorker(Ljava/util/concurrent/ThreadPoolExecutor$Worker;)V+95
j  java.util.concurrent.ThreadPoolExecutor$Worker.run()V+5
j  org.apache.tomcat.util.threads.TaskThread$WrappingRunnable.run()V+4
j  java.lang.Thread.run()V+11
v  ~StubRoutines::call_stub

---------------  P R O C E S S  ---------------

Java Threads: ( => current thread )
  0x0000000017c09000 JavaThread "http-nio-8080-AsyncTimeout" daemon [_thread_blocked, id=15756, stack(0x000000001a440000,0x000000001a540000)]
  0x0000000017c04000 JavaThread "http-nio-8080-Acceptor-0" daemon [_thread_in_native, id=16600, stack(0x000000001a340000,0x000000001a440000)]
  0x0000000017c07000 JavaThread "http-nio-8080-ClientPoller-1" daemon [_thread_in_native, id=16700, stack(0x000000001a240000,0x000000001a340000)]
  0x0000000017c03000 JavaThread "http-nio-8080-ClientPoller-0" daemon [_thread_in_native, id=2352, stack(0x000000001a140000,0x000000001a240000)]
  0x0000000017c06000 JavaThread "http-nio-8080-exec-10" daemon [_thread_blocked, id=17140, stack(0x0000000019f40000,0x000000001a040000)]
  0x0000000017c05800 JavaThread "http-nio-8080-exec-9" daemon [_thread_blocked, id=16900, stack(0x0000000019e40000,0x0000000019f40000)]
  0x0000000017c04800 JavaThread "http-nio-8080-exec-8" daemon [_thread_blocked, id=13212, stack(0x0000000019d40000,0x0000000019e40000)]
  0x0000000017e39000 JavaThread "http-nio-8080-exec-7" daemon [_thread_blocked, id=15356, stack(0x0000000019c40000,0x0000000019d40000)]
  0x0000000017e38800 JavaThread "http-nio-8080-exec-6" daemon [_thread_blocked, id=17248, stack(0x0000000019b40000,0x0000000019c40000)]
  0x0000000017e37800 JavaThread "http-nio-8080-exec-5" daemon [_thread_blocked, id=4228, stack(0x0000000019a40000,0x0000000019b40000)]
  0x0000000017311000 JavaThread "http-nio-8080-exec-4" daemon [_thread_blocked, id=16768, stack(0x0000000019940000,0x0000000019a40000)]
  0x000000001730e000 JavaThread "http-nio-8080-exec-3" daemon [_thread_blocked, id=4124, stack(0x0000000019840000,0x0000000019940000)]
=>0x00000000176d7000 JavaThread "http-nio-8080-exec-2" daemon [_thread_in_vm, id=6864, stack(0x0000000019740000,0x0000000019840000)]
  0x00000000176d6000 JavaThread "http-nio-8080-exec-1" daemon [_thread_blocked, id=15084, stack(0x0000000019640000,0x0000000019740000)]
  0x00000000176d3800 JavaThread "ContainerBackgroundProcessor[StandardEngine[Tomcat]]" daemon [_thread_blocked, id=12424, stack(0x0000000019540000,0x0000000019640000)]
  0x0000000017da3000 JavaThread "localhost-startStop-1" daemon [_thread_blocked, id=14556, stack(0x0000000019240000,0x0000000019340000)]
  0x0000000017da2800 JavaThread "Tomcat-startStop-1" daemon [_thread_blocked, id=16552, stack(0x0000000019140000,0x0000000019240000)]
  0x0000000017d9e800 JavaThread "NioBlockingSelector.BlockPoller-1" daemon [_thread_in_native, id=16548, stack(0x0000000019040000,0x0000000019140000)]
  0x0000000016fb7800 JavaThread "Service Thread" daemon [_thread_blocked, id=17372, stack(0x0000000017360000,0x0000000017460000)]
  0x000000001505a800 JavaThread "C1 CompilerThread2" daemon [_thread_in_native, id=8628, stack(0x0000000016e60000,0x0000000016f60000)]
  0x0000000015059800 JavaThread "C2 CompilerThread1" daemon [_thread_in_native, id=13596, stack(0x0000000016d60000,0x0000000016e60000)]
  0x0000000015056000 JavaThread "C2 CompilerThread0" daemon [_thread_blocked, id=17380, stack(0x0000000016c60000,0x0000000016d60000)]
  0x000000001504a000 JavaThread "JDWP Command Reader" daemon [_thread_in_native, id=15160, stack(0x0000000016b60000,0x0000000016c60000)]
  0x0000000015049000 JavaThread "JDWP Event Helper Thread" daemon [_thread_blocked, id=10880, stack(0x0000000016a60000,0x0000000016b60000)]
  0x000000001503c000 JavaThread "JDWP Transport Listener: dt_socket" daemon [_thread_blocked, id=8216, stack(0x0000000016960000,0x0000000016a60000)]
  0x000000001502e000 JavaThread "Attach Listener" daemon [_thread_blocked, id=5448, stack(0x0000000016580000,0x0000000016680000)]
  0x000000001502d000 JavaThread "Signal Dispatcher" daemon [_thread_blocked, id=15224, stack(0x0000000016480000,0x0000000016580000)]
  0x0000000002cbd000 JavaThread "Finalizer" daemon [_thread_blocked, id=16732, stack(0x0000000016280000,0x0000000016380000)]
  0x0000000002cb2800 JavaThread "Reference Handler" daemon [_thread_blocked, id=14536, stack(0x0000000016180000,0x0000000016280000)]
  0x0000000002bc2800 JavaThread "main" [_thread_blocked, id=14676, stack(0x00000000029d0000,0x0000000002ad0000)]

Other Threads:
  0x0000000014ff8000 VMThread [stack: 0x0000000016080000,0x0000000016180000] [id=17096]
  0x0000000016fc6800 WatcherThread [stack: 0x0000000017570000,0x0000000017670000] [id=6024]

VM state:not at safepoint (normal execution)

VM Mutex/Monitor currently owned by a thread: None

Heap:
 PSYoungGen      total 69632K, used 40560K [0x00000000eca00000, 0x00000000f5800000, 0x0000000100000000)
  eden space 59904K, 51% used [0x00000000eca00000,0x00000000ee81f9e0,0x00000000f0480000)
  from space 9728K, 99% used [0x00000000f0480000,0x00000000f0dfc6f8,0x00000000f0e00000)
  to   space 12800K, 0% used [0x00000000f4b80000,0x00000000f4b80000,0x00000000f5800000)
 ParOldGen       total 40960K, used 18658K [0x00000000c5e00000, 0x00000000c8600000, 0x00000000eca00000)
  object space 40960K, 45% used [0x00000000c5e00000,0x00000000c70388c0,0x00000000c8600000)
 Metaspace       used 19722K, capacity 20004K, committed 20352K, reserved 1067008K
  class space    used 2104K, capacity 2167K, committed 2176K, reserved 1048576K

Card table byte_map: [0x0000000012080000,0x0000000012260000] byte_map_base: 0x0000000011a51000

Marking Bits: (ParMarkBitMap*) 0x000000006999b6d0
 Begin Bits: [0x00000000127a0000, 0x0000000013628000)
 End Bits:   [0x0000000013628000, 0x00000000144b0000)

Polling page: 0x0000000001240000

CodeCache: size=245760Kb used=5772Kb max_used=5772Kb free=239987Kb
 bounds [0x0000000002cc0000, 0x0000000003270000, 0x0000000011cc0000]
 total_blobs=1919 nmethods=1526 adapters=313
 compilation: enabled

Compilation events (10 events):
Event: 11.121 Thread 0x000000001505a800 1532  s!   3       sun.net.www.protocol.file.Handler::openConnection (269 bytes)
Event: 11.124 Thread 0x000000001505a800 nmethod 1532 0x0000000003263d50 code [0x00000000032641e0, 0x0000000003267148]
Event: 11.124 Thread 0x000000001505a800 1533       1       java.lang.reflect.Field::getModifiers (5 bytes)
Event: 11.124 Thread 0x000000001505a800 nmethod 1533 0x000000000325d0d0 code [0x000000000325d220, 0x000000000325d330]
Event: 11.156 Thread 0x000000001505a800 1534       3       org.eclipse.jdt.internal.compiler.parser.Parser::tAction (35 bytes)
Event: 11.156 Thread 0x000000001505a800 nmethod 1534 0x0000000003262bd0 code [0x0000000003262d40, 0x0000000003262f50]
Event: 11.157 Thread 0x000000001505a800 1535       3       org.eclipse.jdt.internal.compiler.parser.Parser::ntAction (8 bytes)
Event: 11.157 Thread 0x000000001505a800 nmethod 1535 0x0000000003262810 code [0x0000000003262960, 0x0000000003262ad0]
Event: 11.157 Thread 0x000000001505a800 1536       3       org.eclipse.jdt.internal.compiler.parser.Parser::consumeRule (6731 bytes)
Event: 11.183 Thread 0x0000000015059800 1543       4       sun.misc.URLClassPath::getResource (83 bytes)

GC Heap History (10 events):
Event: 5.708 GC heap before
{Heap before GC invocations=3 (full 0):
 PSYoungGen      total 17920K, used 17920K [0x00000000eca00000, 0x00000000ede00000, 0x0000000100000000)
  eden space 15360K, 100% used [0x00000000eca00000,0x00000000ed900000,0x00000000ed900000)
  from space 2560K, 100% used [0x00000000edb80000,0x00000000ede00000,0x00000000ede00000)
  to   space 2560K, 0% used [0x00000000ed900000,0x00000000ed900000,0x00000000edb80000)
 ParOldGen       total 40960K, used 3771K [0x00000000c5e00000, 0x00000000c8600000, 0x00000000eca00000)
  object space 40960K, 9% used [0x00000000c5e00000,0x00000000c61aef80,0x00000000c8600000)
 Metaspace       used 12267K, capacity 12456K, committed 12800K, reserved 1060864K
  class space    used 1367K, capacity 1424K, committed 1536K, reserved 1048576K
Event: 5.716 GC heap after
Heap after GC invocations=3 (full 0):
 PSYoungGen      total 17920K, used 2529K [0x00000000eca00000, 0x00000000eed00000, 0x0000000100000000)
  eden space 15360K, 0% used [0x00000000eca00000,0x00000000eca00000,0x00000000ed900000)
  from space 2560K, 98% used [0x00000000ed900000,0x00000000edb785c8,0x00000000edb80000)
  to   space 2560K, 0% used [0x00000000eea80000,0x00000000eea80000,0x00000000eed00000)
 ParOldGen       total 40960K, used 6671K [0x00000000c5e00000, 0x00000000c8600000, 0x00000000eca00000)
  object space 40960K, 16% used [0x00000000c5e00000,0x00000000c6483ec0,0x00000000c8600000)
 Metaspace       used 12267K, capacity 12456K, committed 12800K, reserved 1060864K
  class space    used 1367K, capacity 1424K, committed 1536K, reserved 1048576K
}
Event: 5.873 GC heap before
{Heap before GC invocations=4 (full 0):
 PSYoungGen      total 17920K, used 17889K [0x00000000eca00000, 0x00000000eed00000, 0x0000000100000000)
  eden space 15360K, 100% used [0x00000000eca00000,0x00000000ed900000,0x00000000ed900000)
  from space 2560K, 98% used [0x00000000ed900000,0x00000000edb785c8,0x00000000edb80000)
  to   space 2560K, 0% used [0x00000000eea80000,0x00000000eea80000,0x00000000eed00000)
 ParOldGen       total 40960K, used 6671K [0x00000000c5e00000, 0x00000000c8600000, 0x00000000eca00000)
  object space 40960K, 16% used [0x00000000c5e00000,0x00000000c6483ec0,0x00000000c8600000)
 Metaspace       used 12268K, capacity 12456K, committed 12800K, reserved 1060864K
  class space    used 1367K, capacity 1424K, committed 1536K, reserved 1048576K
Event: 5.882 GC heap after
Heap after GC invocations=4 (full 0):
 PSYoungGen      total 33280K, used 2559K [0x00000000eca00000, 0x00000000eed00000, 0x0000000100000000)
  eden space 30720K, 0% used [0x00000000eca00000,0x00000000eca00000,0x00000000ee800000)
  from space 2560K, 99% used [0x00000000eea80000,0x00000000eecffcc0,0x00000000eed00000)
  to   space 2560K, 0% used [0x00000000ee800000,0x00000000ee800000,0x00000000eea80000)
 ParOldGen       total 40960K, used 9522K [0x00000000c5e00000, 0x00000000c8600000, 0x00000000eca00000)
  object space 40960K, 23% used [0x00000000c5e00000,0x00000000c674cbd0,0x00000000c8600000)
 Metaspace       used 12268K, capacity 12456K, committed 12800K, reserved 1060864K
  class space    used 1367K, capacity 1424K, committed 1536K, reserved 1048576K
}
Event: 6.017 GC heap before
{Heap before GC invocations=5 (full 0):
 PSYoungGen      total 33280K, used 33279K [0x00000000eca00000, 0x00000000eed00000, 0x0000000100000000)
  eden space 30720K, 100% used [0x00000000eca00000,0x00000000ee800000,0x00000000ee800000)
  from space 2560K, 99% used [0x00000000eea80000,0x00000000eecffcc0,0x00000000eed00000)
  to   space 2560K, 0% used [0x00000000ee800000,0x00000000ee800000,0x00000000eea80000)
 ParOldGen       total 40960K, used 9522K [0x00000000c5e00000, 0x00000000c8600000, 0x00000000eca00000)
  object space 40960K, 23% used [0x00000000c5e00000,0x00000000c674cbd0,0x00000000c8600000)
 Metaspace       used 12272K, capacity 12456K, committed 12800K, reserved 1060864K
  class space    used 1367K, capacity 1424K, committed 1536K, reserved 1048576K
Event: 6.035 GC heap after
Heap after GC invocations=5 (full 0):
 PSYoungGen      total 33280K, used 2560K [0x00000000eca00000, 0x00000000f1600000, 0x0000000100000000)
  eden space 30720K, 0% used [0x00000000eca00000,0x00000000eca00000,0x00000000ee800000)
  from space 2560K, 100% used [0x00000000ee800000,0x00000000eea80000,0x00000000eea80000)
  to   space 8192K, 0% used [0x00000000f0e00000,0x00000000f0e00000,0x00000000f1600000)
 ParOldGen       total 40960K, used 14941K [0x00000000c5e00000, 0x00000000c8600000, 0x00000000eca00000)
  object space 40960K, 36% used [0x00000000c5e00000,0x00000000c6c977a8,0x00000000c8600000)
 Metaspace       used 12272K, capacity 12456K, committed 12800K, reserved 1060864K
  class space    used 1367K, capacity 1424K, committed 1536K, reserved 1048576K
}
Event: 6.195 GC heap before
{Heap before GC invocations=6 (full 0):
 PSYoungGen      total 33280K, used 33280K [0x00000000eca00000, 0x00000000f1600000, 0x0000000100000000)
  eden space 30720K, 100% used [0x00000000eca00000,0x00000000ee800000,0x00000000ee800000)
  from space 2560K, 100% used [0x00000000ee800000,0x00000000eea80000,0x00000000eea80000)
  to   space 8192K, 0% used [0x00000000f0e00000,0x00000000f0e00000,0x00000000f1600000)
 ParOldGen       total 40960K, used 14941K [0x00000000c5e00000, 0x00000000c8600000, 0x00000000eca00000)
  object space 40960K, 36% used [0x00000000c5e00000,0x00000000c6c977a8,0x00000000c8600000)
 Metaspace       used 12272K, capacity 12456K, committed 12800K, reserved 1060864K
  class space    used 1367K, capacity 1424K, committed 1536K, reserved 1048576K
Event: 6.208 GC heap after
Heap after GC invocations=6 (full 0):
 PSYoungGen      total 68096K, used 8173K [0x00000000eca00000, 0x00000000f1900000, 0x0000000100000000)
  eden space 59904K, 0% used [0x00000000eca00000,0x00000000eca00000,0x00000000f0480000)
  from space 8192K, 99% used [0x00000000f0e00000,0x00000000f15fb730,0x00000000f1600000)
  to   space 9728K, 0% used [0x00000000f0480000,0x00000000f0480000,0x00000000f0e00000)
 ParOldGen       total 40960K, used 15217K [0x00000000c5e00000, 0x00000000c8600000, 0x00000000eca00000)
  object space 40960K, 37% used [0x00000000c5e00000,0x00000000c6cdc460,0x00000000c8600000)
 Metaspace       used 12272K, capacity 12456K, committed 12800K, reserved 1060864K
  class space    used 1367K, capacity 1424K, committed 1536K, reserved 1048576K
}
Event: 8.902 GC heap before
{Heap before GC invocations=7 (full 0):
 PSYoungGen      total 68096K, used 68077K [0x00000000eca00000, 0x00000000f1900000, 0x0000000100000000)
  eden space 59904K, 100% used [0x00000000eca00000,0x00000000f0480000,0x00000000f0480000)
  from space 8192K, 99% used [0x00000000f0e00000,0x00000000f15fb730,0x00000000f1600000)
  to   space 9728K, 0% used [0x00000000f0480000,0x00000000f0480000,0x00000000f0e00000)
 ParOldGen       total 40960K, used 15217K [0x00000000c5e00000, 0x00000000c8600000, 0x00000000eca00000)
  object space 40960K, 37% used [0x00000000c5e00000,0x00000000c6cdc460,0x00000000c8600000)
 Metaspace       used 13097K, capacity 13348K, committed 13568K, reserved 1060864K
  class space    used 1474K, capacity 1527K, committed 1536K, reserved 1048576K
Event: 8.925 GC heap after
Heap after GC invocations=7 (full 0):
 PSYoungGen      total 69632K, used 9713K [0x00000000eca00000, 0x00000000f5800000, 0x0000000100000000)
  eden space 59904K, 0% used [0x00000000eca00000,0x00000000eca00000,0x00000000f0480000)
  from space 9728K, 99% used [0x00000000f0480000,0x00000000f0dfc6f8,0x00000000f0e00000)
  to   space 12800K, 0% used [0x00000000f4b80000,0x00000000f4b80000,0x00000000f5800000)
 ParOldGen       total 40960K, used 18658K [0x00000000c5e00000, 0x00000000c8600000, 0x00000000eca00000)
  object space 40960K, 45% used [0x00000000c5e00000,0x00000000c70388c0,0x00000000c8600000)
 Metaspace       used 13097K, capacity 13348K, committed 13568K, reserved 1060864K
  class space    used 1474K, capacity 1527K, committed 1536K, reserved 1048576K
}

Deoptimization events (10 events):
Event: 10.309 Thread 0x00000000176d7000 Uncommon trap: reason=unstable_if action=reinterpret pc=0x0000000003158150 method=java.io.BufferedInputStream.read1([BII)I @ 29
Event: 10.309 Thread 0x00000000176d7000 Uncommon trap: reason=class_check action=maybe_recompile pc=0x00000000031557c8 method=java.io.BufferedInputStream.read1([BII)I @ 39
Event: 10.344 Thread 0x00000000176d7000 Uncommon trap: reason=unstable_if action=reinterpret pc=0x00000000031557d8 method=java.io.BufferedInputStream.read1([BII)I @ 29
Event: 10.829 Thread 0x00000000176d7000 Uncommon trap: reason=unstable_if action=reinterpret pc=0x0000000002f135f4 method=java.lang.AbstractStringBuilder.append(Ljava/lang/String;)Ljava/lang/AbstractStringBuilder; @ 1
Event: 10.829 Thread 0x00000000176d7000 Uncommon trap: reason=unstable_if action=reinterpret pc=0x0000000002eb1db4 method=java.lang.AbstractStringBuilder.append(Ljava/lang/String;)Ljava/lang/AbstractStringBuilder; @ 1
Event: 10.838 Thread 0x00000000176d7000 Uncommon trap: reason=class_check action=maybe_recompile pc=0x0000000003219cb8 method=java.util.Properties$LineReader.readLine()I @ 62
Event: 10.839 Thread 0x00000000176d7000 Uncommon trap: reason=unstable_if action=reinterpret pc=0x0000000003219b78 method=java.util.Properties$LineReader.readLine()I @ 246
Event: 10.839 Thread 0x00000000176d7000 Uncommon trap: reason=unstable_if action=reinterpret pc=0x00000000030adcf4 method=java.util.Properties$LineReader.readLine()I @ 246
Event: 11.122 Thread 0x00000000176d7000 Uncommon trap: reason=unstable_if action=reinterpret pc=0x000000000325ede8 method=java.util.Properties$LineReader.readLine()I @ 377
Event: 11.200 Thread 0x00000000176d7000 Uncommon trap: reason=class_check action=maybe_recompile pc=0x0000000002f1d930 method=sun.misc.URLClassPath.getLoader(I)Lsun/misc/URLClassPath$Loader; @ 94

Internal exceptions (10 events):
Event: 3.358 Thread 0x0000000002bc2800 Exception <a 'java/lang/ArrayIndexOutOfBoundsException'> (0x00000000ed233660) thrown at [C:\re\workspace\8-2-build-windows-amd64-cygwin\jdk8u121\8372\hotspot\src\share\vm\runtime\sharedRuntime.cpp, line 605]
Event: 3.372 Thread 0x0000000002bc2800 Exception <a 'java/lang/ArrayIndexOutOfBoundsException'> (0x00000000ed259560) thrown at [C:\re\workspace\8-2-build-windows-amd64-cygwin\jdk8u121\8372\hotspot\src\share\vm\runtime\sharedRuntime.cpp, line 605]
Event: 3.383 Thread 0x0000000002bc2800 Exception <a 'java/lang/ArrayIndexOutOfBoundsException'> (0x00000000ed267eb0) thrown at [C:\re\workspace\8-2-build-windows-amd64-cygwin\jdk8u121\8372\hotspot\src\share\vm\runtime\sharedRuntime.cpp, line 605]
Event: 4.306 Thread 0x0000000002bc2800 Exception <a 'java/lang/NoSuchFieldError': method resolution failed> (0x00000000eccfcec0) thrown at [C:\re\workspace\8-2-build-windows-amd64-cygwin\jdk8u121\8372\hotspot\src\share\vm\prims\methodHandles.cpp, line 1146]
Event: 4.320 Thread 0x0000000002bc2800 Exception <a 'java/lang/NoSuchFieldError': method resolution failed> (0x00000000ecd0a580) thrown at [C:\re\workspace\8-2-build-windows-amd64-cygwin\jdk8u121\8372\hotspot\src\share\vm\prims\methodHandles.cpp, line 1146]
Event: 4.514 Thread 0x0000000017da3000 Implicit null exception at 0x000000000309a4d4 to 0x000000000309a759
Event: 7.855 Thread 0x0000000017da3000 Exception <a 'java/io/FileNotFoundException'> (0x00000000f00df948) thrown at [C:\re\workspace\8-2-build-windows-amd64-cygwin\jdk8u121\8372\hotspot\src\share\vm\prims\jni.cpp, line 709]
Event: 10.829 Thread 0x00000000176d7000 Implicit null exception at 0x0000000002f13099 to 0x0000000002f135d9
Event: 10.829 Thread 0x00000000176d7000 Implicit null exception at 0x0000000002eb1899 to 0x0000000002eb1d9d
Event: 11.169 Thread 0x00000000176d7000 Exception <a 'java/lang/ArrayIndexOutOfBoundsException': 12139> (0x00000000ee71e620) thrown at [C:\re\workspace\8-2-build-windows-amd64-cygwin\jdk8u121\8372\hotspot\src\share\vm\interpreter\interpreterRuntime.cpp, line 366]

Events (10 events):
Event: 11.196 Thread 0x00000000176d7000 DEOPT UNPACKING pc=0x0000000002d0787f sp=0x000000001983cdb0 mode 1
Event: 11.196 Thread 0x00000000176d7000 DEOPT PACKING pc=0x0000000002e23e5c sp=0x000000001983d0e0
Event: 11.196 Thread 0x00000000176d7000 DEOPT UNPACKING pc=0x0000000002d0787f sp=0x000000001983cf00 mode 1
Event: 11.196 Thread 0x00000000176d7000 DEOPT PACKING pc=0x0000000002e23bf4 sp=0x000000001983d270
Event: 11.196 Thread 0x00000000176d7000 DEOPT UNPACKING pc=0x0000000002d0787f sp=0x000000001983d090 mode 1
Event: 11.200 Thread 0x00000000176d7000 Uncommon trap: trap_request=0xffffffde fr.pc=0x0000000002f1d930
Event: 11.200 Executing VM operation: RevokeBias
Event: 11.200 Executing VM operation: RevokeBias done
Event: 11.201 Thread 0x00000000176d7000 DEOPT PACKING pc=0x0000000002f1d930 sp=0x000000001983d3e0
Event: 11.201 Thread 0x00000000176d7000 DEOPT UNPACKING pc=0x0000000002d0582a sp=0x000000001983d3c8 mode 2


Dynamic libraries:
0x00007ff65cb70000 - 0x00007ff65cba7000 	C:\Program Files\Java\jre1.8.0_121\bin\javaw.exe
0x00007ffbe2e20000 - 0x00007ffbe2fcd000 	C:\WINDOWS\SYSTEM32\ntdll.dll
0x00007ffbe2ba0000 - 0x00007ffbe2cde000 	C:\WINDOWS\system32\KERNEL32.DLL
0x00007ffbe0280000 - 0x00007ffbe0396000 	C:\WINDOWS\system32\KERNELBASE.dll
0x00007ffbdeb00000 - 0x00007ffbdeb8e000 	C:\WINDOWS\system32\apphelp.dll
0x00007ffbcfcc0000 - 0x00007ffbcfd14000 	C:\WINDOWS\AppPatch\AppPatch64\AcGenral.DLL
0x00007ffbe1f10000 - 0x00007ffbe1fba000 	C:\WINDOWS\system32\msvcrt.dll
0x00007ffbe0010000 - 0x00007ffbe003e000 	C:\WINDOWS\system32\SspiCli.dll
0x00007ffbe2d00000 - 0x00007ffbe2d54000 	C:\WINDOWS\system32\SHLWAPI.dll
0x00007ffbe25c0000 - 0x00007ffbe2737000 	C:\WINDOWS\system32\USER32.dll
0x00007ffbe0570000 - 0x00007ffbe0704000 	C:\WINDOWS\system32\ole32.dll
0x00007ffbe0710000 - 0x00007ffbe1c3b000 	C:\WINDOWS\system32\SHELL32.dll
0x00007ffbdf440000 - 0x00007ffbdf461000 	C:\WINDOWS\SYSTEM32\USERENV.dll
0x00007ffbe1e60000 - 0x00007ffbe1f0a000 	C:\WINDOWS\system32\ADVAPI32.dll
0x00007ffbd2ed0000 - 0x00007ffbd2eee000 	C:\WINDOWS\SYSTEM32\MPR.dll
0x00007ffbe1fd0000 - 0x00007ffbe2110000 	C:\WINDOWS\system32\RPCRT4.dll
0x00007ffbe2b40000 - 0x00007ffbe2b99000 	C:\WINDOWS\SYSTEM32\sechost.dll
0x00007ffbe1c40000 - 0x00007ffbe1e52000 	C:\WINDOWS\SYSTEM32\combase.dll
0x00007ffbe21d0000 - 0x00007ffbe231c000 	C:\WINDOWS\system32\GDI32.dll
0x00007ffbdff40000 - 0x00007ffbdff55000 	C:\WINDOWS\SYSTEM32\profapi.dll
0x00007ffbde2b0000 - 0x00007ffbde362000 	C:\WINDOWS\SYSTEM32\SHCORE.dll
0x00007ffbe2110000 - 0x00007ffbe2146000 	C:\WINDOWS\system32\IMM32.DLL
0x00007ffbe29e0000 - 0x00007ffbe2b31000 	C:\WINDOWS\system32\MSCTF.dll
0x00007ffbdd9a0000 - 0x00007ffbddc1b000 	C:\WINDOWS\WinSxS\amd64_microsoft.windows.common-controls_6595b64144ccf1df_6.0.9600.18006_none_623f33d3ecbe86e8\COMCTL32.dll
0x00000000690a0000 - 0x0000000069172000 	C:\Program Files\Java\jre1.8.0_121\bin\msvcr100.dll
0x0000000069180000 - 0x0000000069a1b000 	C:\Program Files\Java\jre1.8.0_121\bin\server\jvm.dll
0x00007ffbd6d40000 - 0x00007ffbd6d49000 	C:\WINDOWS\SYSTEM32\WSOCK32.dll
0x00007ffbd8ad0000 - 0x00007ffbd8af2000 	C:\WINDOWS\SYSTEM32\WINMM.dll
0x00007ffbdb8e0000 - 0x00007ffbdb8ea000 	C:\WINDOWS\SYSTEM32\VERSION.dll
0x00007ffbe2540000 - 0x00007ffbe2547000 	C:\WINDOWS\system32\PSAPI.DLL
0x00007ffbe24e0000 - 0x00007ffbe253a000 	C:\WINDOWS\system32\WS2_32.dll
0x00007ffbd8aa0000 - 0x00007ffbd8aca000 	C:\WINDOWS\SYSTEM32\WINMMBASE.dll
0x00007ffbe2ce0000 - 0x00007ffbe2ce9000 	C:\WINDOWS\system32\NSI.dll
0x00007ffbe03a0000 - 0x00007ffbe03ef000 	C:\WINDOWS\SYSTEM32\cfgmgr32.dll
0x00007ffbded50000 - 0x00007ffbded78000 	C:\WINDOWS\SYSTEM32\DEVOBJ.dll
0x000000006c290000 - 0x000000006c29f000 	C:\Program Files\Java\jre1.8.0_121\bin\verify.dll
0x000000006c260000 - 0x000000006c289000 	C:\Program Files\Java\jre1.8.0_121\bin\java.dll
0x000000006b4f0000 - 0x000000006b525000 	C:\Program Files\Java\jre1.8.0_121\bin\jdwp.dll
0x000000006b4e0000 - 0x000000006b4e8000 	C:\Program Files\Java\jre1.8.0_121\bin\npt.dll
0x000000006b5a0000 - 0x000000006b5b6000 	C:\Program Files\Java\jre1.8.0_121\bin\zip.dll
0x0000000069090000 - 0x0000000069099000 	C:\Program Files\Java\jre1.8.0_121\bin\dt_socket.dll
0x00007ffbd5fb0000 - 0x00007ffbd5fc5000 	C:\WINDOWS\system32\napinsp.dll
0x00007ffbd5f90000 - 0x00007ffbd5faa000 	C:\WINDOWS\system32\pnrpnsp.dll
0x00007ffbdd670000 - 0x00007ffbdd68b000 	C:\WINDOWS\system32\NLAapi.dll
0x00007ffbdf740000 - 0x00007ffbdf799000 	C:\WINDOWS\System32\mswsock.dll
0x00007ffbdf4b0000 - 0x00007ffbdf554000 	C:\WINDOWS\SYSTEM32\DNSAPI.dll
0x00007ffbd5f80000 - 0x00007ffbd5f8d000 	C:\WINDOWS\System32\winrnr.dll
0x00007ffbd5f60000 - 0x00007ffbd5f74000 	C:\WINDOWS\system32\wshbth.dll
0x00007ffbda830000 - 0x00007ffbda89b000 	C:\WINDOWS\System32\fwpuclnt.dll
0x00007ffbd5f50000 - 0x00007ffbd5f5a000 	C:\Windows\System32\rasadhlp.dll
0x00007ffbdf820000 - 0x00007ffbdf840000 	C:\WINDOWS\SYSTEM32\CRYPTSP.dll
0x00007ffbdf3a0000 - 0x00007ffbdf3d6000 	C:\WINDOWS\system32\rsaenh.dll
0x00007ffbdfa80000 - 0x00007ffbdfaa6000 	C:\WINDOWS\SYSTEM32\bcrypt.dll
0x00007ffbdfda0000 - 0x00007ffbdfe03000 	C:\WINDOWS\system32\bcryptprimitives.dll
0x00007ffbdfe10000 - 0x00007ffbdfe1b000 	C:\WINDOWS\SYSTEM32\CRYPTBASE.dll
0x000000006b580000 - 0x000000006b59a000 	C:\Program Files\Java\jre1.8.0_121\bin\net.dll
0x00007ffbdaf00000 - 0x00007ffbdaf2a000 	C:\WINDOWS\SYSTEM32\IPHLPAPI.DLL
0x00007ffbdaee0000 - 0x00007ffbdaeea000 	C:\WINDOWS\SYSTEM32\WINNSI.DLL
0x00007ffbda760000 - 0x00007ffbda776000 	C:\WINDOWS\SYSTEM32\dhcpcsvc6.DLL
0x00007ffbda9e0000 - 0x00007ffbda9fa000 	C:\WINDOWS\SYSTEM32\dhcpcsvc.DLL
0x000000006b560000 - 0x000000006b571000 	C:\Program Files\Java\jre1.8.0_121\bin\nio.dll
0x0000000068f50000 - 0x0000000068f5d000 	C:\Program Files\Java\jre1.8.0_121\bin\management.dll

VM Arguments:
jvm_args: -agentlib:jdwp=transport=dt_socket,suspend=y,address=localhost:61658 -Dfile.encoding=Cp1252 
java_command: launch.Main
java_class_path (initial): C:\Users\Amel^^\git\clarinet\target\classes;C:\Users\Amel^^\.m2\repository\org\apache\tomcat\embed\tomcat-embed-core\8.5.23\tomcat-embed-core-8.5.23.jar;C:\Users\Amel^^\.m2\repository\org\apache\tomcat\tomcat-annotations-api\8.5.23\tomcat-annotations-api-8.5.23.jar;C:\Users\Amel^^\.m2\repository\org\apache\tomcat\embed\tomcat-embed-jasper\8.5.23\tomcat-embed-jasper-8.5.23.jar;C:\Users\Amel^^\.m2\repository\org\apache\tomcat\embed\tomcat-embed-el\8.5.23\tomcat-embed-el-8.5.23.jar;C:\Users\Amel^^\.m2\repository\org\eclipse\jdt\ecj\3.12.3\ecj-3.12.3.jar;C:\Users\Amel^^\.m2\repository\org\apache\tomcat\tomcat-jasper\8.5.23\tomcat-jasper-8.5.23.jar;C:\Users\Amel^^\.m2\repository\org\apache\tomcat\tomcat-servlet-api\8.5.23\tomcat-servlet-api-8.5.23.jar;C:\Users\Amel^^\.m2\repository\org\apache\tomcat\tomcat-juli\8.5.23\tomcat-juli-8.5.23.jar;C:\Users\Amel^^\.m2\repository\org\apache\tomcat\tomcat-el-api\8.5.23\tomcat-el-api-8.5.23.jar;C:\Users\Amel^^\.m2\repository\org\apache\tomcat\tomcat-api\8.5.23\tomcat-api-8.5.23.jar;C:\Users\Amel^^\.m2\repository\org\apache\tomcat\tomcat-util-scan\8.5.23\tomcat-util-scan-8.5.23.jar;C:\Users\Amel^^\.m2\repository\org\apache\tomcat\tomcat-util\8.5.23\tomcat-util-8.5.23.jar;C:\Users\Amel^^\.m2\repository\org\apache\tomcat\tomcat-jasper-el\8.5.23\tomcat-jasper-el-8.5.23.jar;C:\Users\Amel^^\.m2\repository\org\apache\tomcat\tomcat-jsp-api\8.5.23\tomcat-jsp-api-8.5.23.jar;C:\Users\Amel^^\.m2\repository\mysql\mysql-connector-java\5.1.37\mysql-connector-java-5.1.37.jar;C:\Users\Amel^^\.m2\repository\org\mongodb\mongo-java-driver\3.8.2\mongo-java-driver-3.8.2.jar;C:\Users\Amel^^\.m2\repository\org\postgresql\postgresql\42.2.5\postgresql-42.2.5.jar;C:\Users\Amel^^\.m2\repository\org\json\json\20180813\json-20180813.jar
Launcher Type: SUN_STANDARD

Environment Variables:
PATH=C:/Program Files/Java/jre1.8.0_121/bin/server;C:/Program Files/Java/jre1.8.0_121/bin;C:/Program Files/Java/jre1.8.0_121/lib/amd64;C:\ProgramData\Oracle\Java\javapath;C:\Program Files (x86)\Intel\iCLS Client\;C:\Program Files\Intel\iCLS Client\;C:\WINDOWS\system32;C:\WINDOWS;C:\WINDOWS\System32\Wbem;C:\WINDOWS\System32\WindowsPowerShell\v1.0\;C:\Program Files\Intel\WiFi\bin\;C:\Program Files\Common Files\Intel\WirelessCommon\;C:\Program Files\Intel\Intel(R) Management Engine Components\DAL;C:\Program Files\Intel\Intel(R) Management Engine Components\IPT;C:\Program Files (x86)\Intel\Intel(R) Management Engine Components\DAL;C:\Program Files (x86)\Intel\Intel(R) Management Engine Components\IPT;C:\Program Files (x86)\Intel\OpenCL SDK\2.0\bin\x86;C:\Program Files (x86)\Intel\OpenCL SDK\2.0\bin\x64;C:\Program Files (x86)\Windows Live\Shared;C:\Program Files\Condusiv Technologies\IntelliMemory\;C:\Program Files\Git\cmd;C:\Program Files (x86)\CodeBlocks\MinGW\bin;C:\Users\Amel^^\Desktop\eclipse-jee-neon-2-win32-x86_64(1)\eclipse;
USERNAME=Amel^^
OS=Windows_NT
PROCESSOR_IDENTIFIER=Intel64 Family 6 Model 58 Stepping 9, GenuineIntel



---------------  S Y S T E M  ---------------

OS: Windows 8.1 , 64 bit Build 9600 (6.3.9600.17415)

CPU:total 4 (2 cores per cpu, 2 threads per core) family 6 model 58 stepping 9, cmov, cx8, fxsr, mmx, sse, sse2, sse3, ssse3, sse4.1, sse4.2, popcnt, avx, clmul, erms, ht, tsc, tscinvbit, tscinv

Memory: 4k page, physical 3806752k(204500k free), swap 6952484k(4116k free)

vm_info: Java HotSpot(TM) 64-Bit Server VM (25.121-b13) for windows-amd64 JRE (1.8.0_121-b13), built on Dec 12 2016 18:21:36 by "java_re" with MS VC++ 10.0 (VS2010)

time: Sun Oct 21 13:06:30 2018
elapsed time: 11 seconds (0d 0h 0m 11s)

